<?xml version="1.0" encoding="UTF-8"?>
<!-- Generated by org.testng.reporters.JUnitReportReporter -->
<testsuite skipped="0" hostname="JayNits-MBP.attlocal.net" name="UIAPI.Testing.UserAPITest" tests="3" failures="0" timestamp="23 Jul 2021 17:35:16 GMT" time="1.670" errors="0">
  <testcase name="getAllUsers" time="0.123" classname="UIAPI.Testing.UserAPITest"/>
  <testcase name="getCreateNewUser" time="0.171" classname="UIAPI.Testing.UserAPITest"/>
  <testcase name="getAParticularUser" time="1.376" classname="UIAPI.Testing.UserAPITest"/>
</testsuite> <!-- UIAPI.Testing.UserAPITest -->
