<?xml version="1.0" encoding="UTF-8"?>
<!-- Generated by org.testng.reporters.JUnitReportReporter -->
<testsuite skipped="0" hostname="JayNits-MBP.attlocal.net" name="UIAPI.Testing.CustomerTest" tests="4" failures="0" timestamp="24 Jul 2021 23:43:43 GMT" time="94.259" errors="0">
  <testcase name="testDepositAmountForFirstCustomer" time="14.206" classname="UIAPI.Testing.CustomerTest"/>
  <testcase name="testDepositAmountAndWithdrawlForFirstCustomer" time="33.809" classname="UIAPI.Testing.CustomerTest"/>
  <testcase name="testDepositAmountForEachCustomer" time="30.958" classname="UIAPI.Testing.CustomerTest"/>
  <testcase name="testDepositAmountAndWithdrawlForDynamicCustomer" time="15.286" classname="UIAPI.Testing.CustomerTest"/>
</testsuite> <!-- UIAPI.Testing.CustomerTest -->
