<?xml version="1.0" encoding="UTF-8"?>
<!-- Generated by org.testng.reporters.JUnitReportReporter -->
<testsuite skipped="0" hostname="JayNits-MBP.attlocal.net" name="UIAPI.Testing.UserAPITest" tests="3" failures="0" timestamp="24 Jul 2021 23:43:43 GMT" time="2.244" errors="0">
  <testcase name="getAllUsers" time="0.184" classname="UIAPI.Testing.UserAPITest"/>
  <testcase name="getCreateNewUser" time="0.360" classname="UIAPI.Testing.UserAPITest"/>
  <testcase name="getAParticularUser" time="1.700" classname="UIAPI.Testing.UserAPITest"/>
</testsuite> <!-- UIAPI.Testing.UserAPITest -->
