<?xml version="1.0" encoding="UTF-8"?>
<!-- Generated by org.testng.reporters.JUnitReportReporter -->
<testsuite skipped="0" hostname="JayNits-MBP.attlocal.net" name="UIAPI.Testing.CustomerTest" tests="4" failures="0" timestamp="23 Jul 2021 17:35:16 GMT" time="91.994" errors="0">
  <testcase name="testDepositAmountAndWithdrawlForDynamicCustomer" time="15.715" classname="UIAPI.Testing.CustomerTest"/>
  <testcase name="testDepositAmountAndWithdrawlForFirstCustomer" time="32.586" classname="UIAPI.Testing.CustomerTest"/>
  <testcase name="testDepositAmountForFirstCustomer" time="13.003" classname="UIAPI.Testing.CustomerTest"/>
  <testcase name="testDepositAmountForEachCustomer" time="30.690" classname="UIAPI.Testing.CustomerTest"/>
</testsuite> <!-- UIAPI.Testing.CustomerTest -->
